<?xml version="1.0" encoding="UTF-8"?>
<testsuite name="TDTemplateParseTest" tests="1" skipped="0" failures="0" errors="0" timestamp="2020-01-19T08:59:04" hostname="asp.local" time="0.004">
  <properties/>
  <testcase name="emptyTemplateRendersAsEmptyString" classname="TDTemplateParseTest" time="0.004"/>
  <system-out><![CDATA[]]></system-out>
  <system-err><![CDATA[]]></system-err>
</testsuite>
