<?xml version="1.0" encoding="UTF-8"?>
<testsuite name="TDTempleTests" tests="1" skipped="0" failures="0" errors="0" timestamp="2020-01-19T09:08:34" hostname="asp.local" time="0.002">
  <properties/>
  <testcase name="multipleVariables" classname="TDTempleTests" time="0.002"/>
  <system-out><![CDATA[]]></system-out>
  <system-err><![CDATA[]]></system-err>
</testsuite>
