<?xml version="1.0" encoding="UTF-8"?>
<testsuite name="TDTemplateParseTest" tests="4" skipped="0" failures="0" errors="0" timestamp="2020-01-19T09:41:39" hostname="asp.local" time="0.006">
  <properties/>
  <testcase name="emptyTemplateRendersAsEmptyString" classname="TDTemplateParseTest" time="0.002"/>
  <testcase name="templateWithOnlyPlainText" classname="TDTemplateParseTest" time="0.0"/>
  <testcase name="templateWithMultiVariablesIntoSegment" classname="TDTemplateParseTest" time="0.002"/>
  <testcase name="templateWithMultiVariables" classname="TDTemplateParseTest" time="0.0"/>
  <system-out><![CDATA[]]></system-out>
  <system-err><![CDATA[]]></system-err>
</testsuite>
