<?xml version="1.0" encoding="UTF-8"?>
<testsuite name="RegexLearningTest" tests="1" skipped="0" failures="0" errors="0" timestamp="2020-01-19T08:13:16" hostname="asp.local" time="0.001">
  <properties/>
  <testcase name="testFindStartAndEnd" classname="RegexLearningTest" time="0.001"/>
  <system-out><![CDATA[]]></system-out>
  <system-err><![CDATA[]]></system-err>
</testsuite>
