<?xml version="1.0" encoding="UTF-8"?>
<testsuite name="TDTempleTest" tests="1" skipped="0" failures="0" errors="0" timestamp="2020-01-19T10:41:21" hostname="asp.local" time="0.006">
  <properties/>
  <testcase name="unknownVariableAreIgnored" classname="TDTempleTest" time="0.006"/>
  <system-out><![CDATA[]]></system-out>
  <system-err><![CDATA[]]></system-err>
</testsuite>
